<html>
<head>
<title>TestNG:  Default test</title>
<link href="../testng.css" rel="stylesheet" type="text/css" />
<link href="../my-testng.css" rel="stylesheet" type="text/css" />

<style type="text/css">
.log { display: none;} 
.stack-trace { display: none;} 
</style>
<script type="text/javascript">
<!--
function flip(e) {
  current = e.style.display;
  if (current == 'block') {
    e.style.display = 'none';
    return 0;
  }
  else {
    e.style.display = 'block';
    return 1;
  }
}

function toggleBox(szDivId, elem, msg1, msg2)
{
  var res = -1;  if (document.getElementById) {
    res = flip(document.getElementById(szDivId));
  }
  else if (document.all) {
    // this is the way old msie versions work
    res = flip(document.all[szDivId]);
  }
  if(elem) {
    if(res == 0) elem.innerHTML = msg1; else elem.innerHTML = msg2;
  }

}

function toggleAllBoxes() {
  if (document.getElementsByTagName) {
    d = document.getElementsByTagName('div');
    for (i = 0; i < d.length; i++) {
      if (d[i].className == 'log') {
        flip(d[i]);
      }
    }
  }
}

// -->
</script>

</head>
<body>
<h2 align='center'>Default test</h2><table border='1' align="center">
<tr>
<td>Tests passed/Failed/Skipped:</td><td>13/1/0</td>
</tr><tr>
<td>Started on:</td><td>Sun Feb 05 20:10:08 CET 2023</td>
</tr>
<tr><td>Total time:</td><td>17 seconds (17095 ms)</td>
</tr><tr>
<td>Included groups:</td><td></td>
</tr><tr>
<td>Excluded groups:</td><td></td>
</tr>
</table><p/>
<small><i>(Hover the method name to see the test class name)</i></small><p/>
<table width='100%' border='1' class='invocation-failed'>
<tr><td colspan='4' align='center'><b>FAILED TESTS</b></td></tr>
<tr><td><b>Test method</b></td>
<td><b>Attribute(s)</b></td>
<td width="30%"><b>Exception</b></td>
<td width="10%"><b>Time (seconds)</b></td>
<td><b>Instance</b></td>
</tr>
<tr>
<td title='com.hopin.HopIn.repositories.RideRepositoryTest.shouldGetAllScheduledRidesForTodayForPassenger()'><b>shouldGetAllScheduledRidesForTodayForPassenger</b><br>Test class: com.hopin.HopIn.repositories.RideRepositoryTest</td>
<td><div><pre>java.lang.AssertionError: expected [true] but found [false]
	at org.testng.Assert.fail(Assert.java:110)
	at org.testng.Assert.failNotEquals(Assert.java:1413)
	at org.testng.Assert.assertTrue(Assert.java:56)
	at org.testng.Assert.assertTrue(Assert.java:66)
	at com.hopin.HopIn.repositories.RideRepositoryTest.shouldGetAllScheduledRidesForTodayForPassenger(RideRepositoryTest.java:63)
	at java.base/jdk.internal.reflect.NativeMethodAccessorImpl.invoke0(Native Method)
	at java.base/jdk.internal.reflect.NativeMethodAccessorImpl.invoke(NativeMethodAccessorImpl.java:77)
	at java.base/jdk.internal.reflect.DelegatingMethodAccessorImpl.invoke(DelegatingMethodAccessorImpl.java:43)
	at java.base/java.lang.reflect.Method.invoke(Method.java:568)
	at org.testng.internal.invokers.MethodInvocationHelper.invokeMethod(MethodInvocationHelper.java:139)
	at org.testng.internal.invokers.MethodInvocationHelper$1.runTestMethod(MethodInvocationHelper.java:258)
	at org.springframework.test.context.testng.AbstractTestNGSpringContextTests.run(AbstractTestNGSpringContextTests.java:154)
	at org.testng.internal.invokers.MethodInvocationHelper.invokeHookable(MethodInvocationHelper.java:272)
	at org.testng.internal.invokers.TestInvoker.invokeMethod(TestInvoker.java:669)
	at org.testng.internal.invokers.TestInvoker.invokeTestMethod(TestInvoker.java:221)
	at org.testng.internal.invokers.MethodRunner.runInSequence(MethodRunner.java:50)
	at org.testng.internal.invokers.TestInvoker$MethodInvocationAgent.invoke(TestInvoker.java:962)
	at org.testng.internal.invokers.TestInvoker.invokeTestMethods(TestInvoker.java:194)
	at org.testng.internal.invokers.TestMethodWorker.invokeTestMethods(TestMethodWorker.java:148)
	at org.testng.internal.invokers.TestMethodWorker.run(TestMethodWorker.java:128)
	at java.base/java.util.ArrayList.forEach(ArrayList.java:1511)
	at org.testng.TestRunner.privateRun(TestRunner.java:806)
	at org.testng.TestRunner.run(TestRunner.java:601)
	at org.testng.SuiteRunner.runTest(SuiteRunner.java:433)
	at org.testng.SuiteRunner.runSequentially(SuiteRunner.java:427)
	at org.testng.SuiteRunner.privateRun(SuiteRunner.java:387)
	at org.testng.SuiteRunner.run(SuiteRunner.java:330)
	at org.testng.SuiteRunnerWorker.runSuite(SuiteRunnerWorker.java:52)
	at org.testng.SuiteRunnerWorker.run(SuiteRunnerWorker.java:95)
	at org.testng.TestNG.runSuitesSequentially(TestNG.java:1256)
	at org.testng.TestNG.runSuitesLocally(TestNG.java:1176)
	at org.testng.TestNG.runSuites(TestNG.java:1099)
	at org.testng.TestNG.run(TestNG.java:1067)
	at org.testng.remote.AbstractRemoteTestNG.run(AbstractRemoteTestNG.java:115)
	at org.testng.remote.RemoteTestNG.initAndRun(RemoteTestNG.java:251)
	at org.testng.remote.RemoteTestNG.main(RemoteTestNG.java:77)
</pre></div><a href='#' onClick='toggleBox("stack-trace1893455775", this, "Click to show all stack frames", "Click to hide stack frames")'>Click to show all stack frames</a>
<div class='stack-trace' id='stack-trace1893455775'><pre>java.lang.AssertionError: expected [true] but found [false]
	at org.testng.Assert.fail(Assert.java:110)
	at org.testng.Assert.failNotEquals(Assert.java:1413)
	at org.testng.Assert.assertTrue(Assert.java:56)
	at org.testng.Assert.assertTrue(Assert.java:66)
	at com.hopin.HopIn.repositories.RideRepositoryTest.shouldGetAllScheduledRidesForTodayForPassenger(RideRepositoryTest.java:63)
	at java.base/jdk.internal.reflect.NativeMethodAccessorImpl.invoke0(Native Method)
	at java.base/jdk.internal.reflect.NativeMethodAccessorImpl.invoke(NativeMethodAccessorImpl.java:77)
	at java.base/jdk.internal.reflect.DelegatingMethodAccessorImpl.invoke(DelegatingMethodAccessorImpl.java:43)
	at java.base/java.lang.reflect.Method.invoke(Method.java:568)
	at org.testng.internal.invokers.MethodInvocationHelper.invokeMethod(MethodInvocationHelper.java:139)
	at org.testng.internal.invokers.MethodInvocationHelper$1.runTestMethod(MethodInvocationHelper.java:258)
	at org.springframework.test.context.testng.AbstractTestNGSpringContextTests.run(AbstractTestNGSpringContextTests.java:154)
	at org.testng.internal.invokers.MethodInvocationHelper.invokeHookable(MethodInvocationHelper.java:272)
	at org.testng.internal.invokers.TestInvoker.invokeMethod(TestInvoker.java:669)
	at org.testng.internal.invokers.TestInvoker.invokeTestMethod(TestInvoker.java:221)
	at org.testng.internal.invokers.MethodRunner.runInSequence(MethodRunner.java:50)
	at org.testng.internal.invokers.TestInvoker$MethodInvocationAgent.invoke(TestInvoker.java:962)
	at org.testng.internal.invokers.TestInvoker.invokeTestMethods(TestInvoker.java:194)
	at org.testng.internal.invokers.TestMethodWorker.invokeTestMethods(TestMethodWorker.java:148)
	at org.testng.internal.invokers.TestMethodWorker.run(TestMethodWorker.java:128)
	at java.base/java.util.ArrayList.forEach(ArrayList.java:1511)
	at org.testng.TestRunner.privateRun(TestRunner.java:806)
	at org.testng.TestRunner.run(TestRunner.java:601)
	at org.testng.SuiteRunner.runTest(SuiteRunner.java:433)
	at org.testng.SuiteRunner.runSequentially(SuiteRunner.java:427)
	at org.testng.SuiteRunner.privateRun(SuiteRunner.java:387)
	at org.testng.SuiteRunner.run(SuiteRunner.java:330)
	at org.testng.SuiteRunnerWorker.runSuite(SuiteRunnerWorker.java:52)
	at org.testng.SuiteRunnerWorker.run(SuiteRunnerWorker.java:95)
	at org.testng.TestNG.runSuitesSequentially(TestNG.java:1256)
	at org.testng.TestNG.runSuitesLocally(TestNG.java:1176)
	at org.testng.TestNG.runSuites(TestNG.java:1099)
	at org.testng.TestNG.run(TestNG.java:1067)
	at org.testng.remote.AbstractRemoteTestNG.run(AbstractRemoteTestNG.java:115)
	at org.testng.remote.RemoteTestNG.initAndRun(RemoteTestNG.java:251)
	at org.testng.remote.RemoteTestNG.main(RemoteTestNG.java:77)
</pre></div></td>
<td>0</td>
<td>com.hopin.HopIn.repositories.RideRepositoryTest@62dae540</td></tr>
</table><p>
<table width='100%' border='1' class='invocation-passed'>
<tr><td colspan='4' align='center'><b>PASSED TESTS</b></td></tr>
<tr><td><b>Test method</b></td>
<td><b>Attribute(s)</b></td>
<td width="30%"><b>Exception</b></td>
<td width="10%"><b>Time (seconds)</b></td>
<td><b>Instance</b></td>
</tr>
<tr>
<td title='com.hopin.HopIn.repositories.RideRepositoryTest.shouldGetZeroRidesForWrongRange()'><b>shouldGetZeroRidesForWrongRange</b><br>Test class: com.hopin.HopIn.repositories.RideRepositoryTest</td>
<td></td>
<td>0</td>
<td>com.hopin.HopIn.repositories.RideRepositoryTest@62dae540</td></tr>
<tr>
<td title='com.hopin.HopIn.repositories.RideRepositoryTest.shouldGetPendingRideForPassenger()'><b>shouldGetPendingRideForPassenger</b><br>Test class: com.hopin.HopIn.repositories.RideRepositoryTest</td>
<td></td>
<td>0</td>
<td>com.hopin.HopIn.repositories.RideRepositoryTest@62dae540</td></tr>
<tr>
<td title='com.hopin.HopIn.repositories.RideRepositoryTest.shouldGetAllDriverRidesBetweenDates()'><b>shouldGetAllDriverRidesBetweenDates</b><br>Test class: com.hopin.HopIn.repositories.RideRepositoryTest</td>
<td></td>
<td>0</td>
<td>com.hopin.HopIn.repositories.RideRepositoryTest@62dae540</td></tr>
<tr>
<td title='com.hopin.HopIn.repositories.RideRepositoryTest.shouldGetAllPassenegerRidesBetweenDates()'><b>shouldGetAllPassenegerRidesBetweenDates</b><br>Test class: com.hopin.HopIn.repositories.RideRepositoryTest</td>
<td></td>
<td>0</td>
<td>com.hopin.HopIn.repositories.RideRepositoryTest@62dae540</td></tr>
<tr>
<td title='com.hopin.HopIn.repositories.RideRepositoryTest.shouldGetFirstUpcomingRideForDriver()'><b>shouldGetFirstUpcomingRideForDriver</b><br>Test class: com.hopin.HopIn.repositories.RideRepositoryTest</td>
<td></td>
<td>0</td>
<td>com.hopin.HopIn.repositories.RideRepositoryTest@62dae540</td></tr>
<tr>
<td title='com.hopin.HopIn.repositories.RideRepositoryTest.shouldGetAllPassengerRidesPaginated()'><b>shouldGetAllPassengerRidesPaginated</b><br>Test class: com.hopin.HopIn.repositories.RideRepositoryTest</td>
<td></td>
<td>0</td>
<td>com.hopin.HopIn.repositories.RideRepositoryTest@62dae540</td></tr>
<tr>
<td title='com.hopin.HopIn.repositories.RideRepositoryTest.shouldGetAllUserRidesPaginatedForPassengerId()'><b>shouldGetAllUserRidesPaginatedForPassengerId</b><br>Test class: com.hopin.HopIn.repositories.RideRepositoryTest</td>
<td></td>
<td>0</td>
<td>com.hopin.HopIn.repositories.RideRepositoryTest@62dae540</td></tr>
<tr>
<td title='com.hopin.HopIn.repositories.RideRepositoryTest.shouldGetZeroPassengerRidesForWrongRange()'><b>shouldGetZeroPassengerRidesForWrongRange</b><br>Test class: com.hopin.HopIn.repositories.RideRepositoryTest</td>
<td></td>
<td>0</td>
<td>com.hopin.HopIn.repositories.RideRepositoryTest@62dae540</td></tr>
<tr>
<td title='com.hopin.HopIn.repositories.RideRepositoryTest.shouldGetAllRidesBetweenDates()'><b>shouldGetAllRidesBetweenDates</b><br>Test class: com.hopin.HopIn.repositories.RideRepositoryTest</td>
<td></td>
<td>0</td>
<td>com.hopin.HopIn.repositories.RideRepositoryTest@62dae540</td></tr>
<tr>
<td title='com.hopin.HopIn.repositories.RideRepositoryTest.shouldGetNullPassengerPandingRides()'><b>shouldGetNullPassengerPandingRides</b><br>Test class: com.hopin.HopIn.repositories.RideRepositoryTest</td>
<td></td>
<td>0</td>
<td>com.hopin.HopIn.repositories.RideRepositoryTest@62dae540</td></tr>
<tr>
<td title='com.hopin.HopIn.repositories.RideRepositoryTest.shouldGetZeroDriverRidesForWrongRange()'><b>shouldGetZeroDriverRidesForWrongRange</b><br>Test class: com.hopin.HopIn.repositories.RideRepositoryTest</td>
<td></td>
<td>0</td>
<td>com.hopin.HopIn.repositories.RideRepositoryTest@62dae540</td></tr>
<tr>
<td title='com.hopin.HopIn.repositories.RideRepositoryTest.shouldGetAllUserRidesPaginatedForDriverId()'><b>shouldGetAllUserRidesPaginatedForDriverId</b><br>Test class: com.hopin.HopIn.repositories.RideRepositoryTest</td>
<td></td>
<td>0</td>
<td>com.hopin.HopIn.repositories.RideRepositoryTest@62dae540</td></tr>
<tr>
<td title='com.hopin.HopIn.repositories.RideRepositoryTest.shouldGetAllPassengerRides()'><b>shouldGetAllPassengerRides</b><br>Test class: com.hopin.HopIn.repositories.RideRepositoryTest</td>
<td></td>
<td>0</td>
<td>com.hopin.HopIn.repositories.RideRepositoryTest@62dae540</td></tr>
</table><p>
</body>
</html>